0 info it worked if it ends with ok
1 verbose cli [ 'node', '/usr/local/bin/npm', 'publish' ]
2 info using npm@2.1.6
3 info using node@v0.10.33
4 verbose node symlink /usr/local/bin/node
5 verbose publish [ '.' ]
6 silly cache add args [ '.', null ]
7 verbose cache add spec .
8 silly cache add parsed spec { raw: '.',
8 silly cache add   scope: null,
8 silly cache add   name: null,
8 silly cache add   rawSpec: '.',
8 silly cache add   spec: '/Applications/MAMP/htdocs/triggercode/mamp-cli',
8 silly cache add   type: 'directory' }
9 verbose tar pack [ '/Users/tobiasbraner/.npm/mamp-cli/0.0.1/package.tgz',
9 verbose tar pack   '/Applications/MAMP/htdocs/triggercode/mamp-cli' ]
10 verbose tarball /Users/tobiasbraner/.npm/mamp-cli/0.0.1/package.tgz
11 verbose folder /Applications/MAMP/htdocs/triggercode/mamp-cli
12 info prepublish mamp-cli@0.0.1
13 verbose addLocalTarball adding from inside cache /Users/tobiasbraner/.npm/mamp-cli/0.0.1/package.tgz
14 silly cache afterAdd mamp-cli@0.0.1
15 verbose afterAdd /Users/tobiasbraner/.npm/mamp-cli/0.0.1/package/package.json not in flight; writing
16 verbose afterAdd /Users/tobiasbraner/.npm/mamp-cli/0.0.1/package/package.json written
17 silly publish { name: 'mamp-cli',
17 silly publish   version: '0.0.1',
17 silly publish   description: 'Command line interface to work with the popular MAMP server environment',
17 silly publish   main: 'mamp-cli',
17 silly publish   homepage: 'https://github.com/triggercode/mamp-cli',
17 silly publish   scripts: { test: 'echo "Error: no test specified" && exit 1' },
17 silly publish   bin: { mamp: './mamp-cli' },
17 silly publish   author: { name: 'Tobias Braner' },
17 silly publish   license: 'MIT',
17 silly publish   dependencies:
17 silly publish    { 'child-process-promise': '^1.1.0',
17 silly publish      lodash: '^3.10.0',
17 silly publish      minimist: '^1.1.2' },
17 silly publish   readme: '# mamp-cli\n\n### What is it?\n\nA command line interface for working with [MAMP](https://www.mamp.info/de/). It can start and stop your MAMP, but also easily switch the document root so that you can switch projects easily by using a favorite list.\n\n### Warning\n\nPlease __backup your httpd.conf__ file of your MAMP before using this script. It can be found here:\n\n    /Applications/MAMP/conf/apache/httpd.conf\n\n### Requirements\n\n- MAMP (tested with 3.0.7.3)\n- Node.js\n- Coffee-Script ($ npm install -g coffee-script)\n\n### How it works\n\n- it uses the MAMP bash scripts in /Applications/MAMP/bin to start and stop the server\n- it overwrites the httpd.conf to change the document root\n- it creates a ~/.mamp-cli file to track a favorite list of document roots\n\n### Installation\n\n    $ npm install -g mamp-cli\n\nDepending on your setup you might need __sudo__ in front of this command.\n\n### Usage\n\nUse this to print the help:\n\n    $ mamp\n\n### Available Commands\n\n    $ mamp start\n    // start the server\n\n    $ mamp stop\n    // stop the server\n\n    $ mamp list\n    // list your favorite shortcuts\n\n    $ mamp add <shortcut>\n    // add the current directory to your favorites\n\n    $ mamp remove <shortcut>\n    // remove a shortcut\n\n    $ mamp switch <shortcut>\n    // switch the document root to the one of your shortcuts\n\n### License\n\nSee file LICENSE',
17 silly publish   readmeFilename: 'readme.md',
17 silly publish   gitHead: 'fa2d93853d8cdeac283a0d5be02a25212678a89f',
17 silly publish   _id: 'mamp-cli@0.0.1',
17 silly publish   _shasum: 'eb3c13ac6a115bab58166559484b133068feb170',
17 silly publish   _from: '.' }
18 verbose mapToRegistry name mamp-cli
19 verbose mapToRegistry uri https://registry.npmjs.org/mamp-cli
20 verbose publish registryBase https://registry.npmjs.org/
21 verbose request on initialization, where is /mamp-cli
22 verbose request after pass 1, where is /mamp-cli
23 verbose request url raw /mamp-cli
24 verbose request resolving registry [ 'https://registry.npmjs.org/', './mamp-cli' ]
25 verbose request after pass 2, where is https://registry.npmjs.org/mamp-cli
26 verbose request sending authorization for write operation
27 info attempt registry request try #1 at 13:39:01
28 verbose request using bearer token for auth
29 verbose request id a364cac73672f415
30 http request PUT https://registry.npmjs.org/mamp-cli
31 http 403 https://registry.npmjs.org/mamp-cli
32 verbose headers { 'content-type': 'application/json',
32 verbose headers   'cache-control': 'max-age=60',
32 verbose headers   'content-length': '95',
32 verbose headers   'accept-ranges': 'bytes',
32 verbose headers   date: 'Wed, 29 Jul 2015 11:39:02 GMT',
32 verbose headers   via: '1.1 varnish',
32 verbose headers   connection: 'keep-alive',
32 verbose headers   'x-served-by': 'cache-fra1249-FRA',
32 verbose headers   'x-cache': 'MISS',
32 verbose headers   'x-cache-hits': '0',
32 verbose headers   'x-timer': 'S1438169941.596272,VS0,VE1011' }
33 error publish Failed PUT 403
34 verbose stack Error: "You cannot publish over the previously published version 0.0.1." : mamp-cli
34 verbose stack     at RegClient.<anonymous> (/usr/local/lib/node_modules/npm/node_modules/npm-registry-client/lib/request.js:260:14)
34 verbose stack     at Request._callback (/usr/local/lib/node_modules/npm/node_modules/npm-registry-client/lib/request.js:197:65)
34 verbose stack     at Request.self.callback (/usr/local/lib/node_modules/npm/node_modules/request/request.js:364:22)
34 verbose stack     at Request.emit (events.js:98:17)
34 verbose stack     at Request.<anonymous> (/usr/local/lib/node_modules/npm/node_modules/request/request.js:1318:14)
34 verbose stack     at Request.emit (events.js:117:20)
34 verbose stack     at IncomingMessage.<anonymous> (/usr/local/lib/node_modules/npm/node_modules/request/request.js:1266:12)
34 verbose stack     at IncomingMessage.emit (events.js:117:20)
34 verbose stack     at _stream_readable.js:943:16
34 verbose stack     at process._tickCallback (node.js:419:13)
35 verbose statusCode 403
36 verbose pkgid mamp-cli
37 verbose cwd /Applications/MAMP/htdocs/triggercode/mamp-cli
38 error Darwin 14.4.0
39 error argv "node" "/usr/local/bin/npm" "publish"
40 error node v0.10.33
41 error npm  v2.1.6
42 error code E403
43 error "You cannot publish over the previously published version 0.0.1." : mamp-cli
44 error If you need help, you may report this error at:
44 error     <http://github.com/npm/npm/issues>
45 verbose exit [ 1, true ]
